2022-12-23 15:06:13  ----  Read file: .\\02.CSV files\Altamaha_PP48_000107-2_p08\Out.csv 
2022-12-23 15:06:13  ----  0 duplicated molecules were removed. 
2022-12-23 15:06:13  ----  43 molecules are filtered by custom conditions. 
2022-12-23 15:06:14  ----  Outline taxonomy: 0 molecules are not grouped. 
2022-12-23 15:06:14  ----  Specifics taxonomy: 5 molecules are not grouped. 
2022-12-23 15:06:14  ----  MSCC taxonomy: 669 molecules are not grouped. 
2022-12-23 15:06:17  ----  2710 CHO compounds. 
2022-12-23 15:06:18  ----  421 CHON compounds. 
2022-12-23 15:06:19  ----  1255 CHOP compounds. 
2022-12-23 15:06:20  ----  329 CHOS compounds. 
2022-12-23 15:06:22  ----  82 CHONP compounds. 
2022-12-23 15:06:23  ----  9 CHONS compounds. 
2022-12-23 15:06:24  ----  17 CHOSP compounds. 
2022-12-23 15:06:25  ----  17 CHONSP compounds. 
2022-12-23 15:06:25  ----  Altamaha_PP48_000107-2_p08 contains 4840 molecules. 
2022-12-23 15:06:25  ----  5 "Not Matched" molecules were removed. 
2022-12-23 15:06:49  ----  1255 molecular transformation pathways were captured. 
2022-12-23 15:06:50  ----  The analysis of .\\02.CSV files\Altamaha_PP48_000107-2_p08\Out.csv has been completed.

 
2022-12-23 15:06:50  ----  Read file: .\\02.CSV files\Altamaha_PP48_000107-3_p08\Out.csv 
2022-12-23 15:06:50  ----  0 duplicated molecules were removed. 
2022-12-23 15:06:50  ----  16 molecules are filtered by custom conditions. 
2022-12-23 15:06:51  ----  Outline taxonomy: 0 molecules are not grouped. 
2022-12-23 15:06:51  ----  Specifics taxonomy: 5 molecules are not grouped. 
2022-12-23 15:06:51  ----  MSCC taxonomy: 739 molecules are not grouped. 
2022-12-23 15:06:54  ----  2570 CHO compounds. 
2022-12-23 15:06:55  ----  522 CHON compounds. 
2022-12-23 15:06:56  ----  1266 CHOP compounds. 
2022-12-23 15:06:57  ----  403 CHOS compounds. 
2022-12-23 15:06:59  ----  99 CHONP compounds. 
2022-12-23 15:07:00  ----  18 CHONS compounds. 
2022-12-23 15:07:01  ----  28 CHOSP compounds. 
2022-12-23 15:07:03  ----  20 CHONSP compounds. 
2022-12-23 15:07:03  ----  Altamaha_PP48_000107-3_p08 contains 4926 molecules. 
2022-12-23 15:07:03  ----  5 "Not Matched" molecules were removed. 
2022-12-23 15:07:28  ----  1255 molecular transformation pathways were captured. 
2022-12-23 15:07:29  ----  The analysis of .\\02.CSV files\Altamaha_PP48_000107-3_p08\Out.csv has been completed.

 
2022-12-23 15:07:29  ----  Read file: .\\02.CSV files\Altamaha_PP48_000107-4_p08\Out.csv 
2022-12-23 15:07:29  ----  0 duplicated molecules were removed. 
2022-12-23 15:07:29  ----  39 molecules are filtered by custom conditions. 
2022-12-23 15:07:30  ----  Outline taxonomy: 0 molecules are not grouped. 
2022-12-23 15:07:30  ----  Specifics taxonomy: 5 molecules are not grouped. 
2022-12-23 15:07:30  ----  MSCC taxonomy: 673 molecules are not grouped. 
2022-12-23 15:07:33  ----  2742 CHO compounds. 
2022-12-23 15:07:34  ----  444 CHON compounds. 
2022-12-23 15:07:35  ----  1251 CHOP compounds. 
2022-12-23 15:07:36  ----  437 CHOS compounds. 
2022-12-23 15:07:38  ----  75 CHONP compounds. 
2022-12-23 15:07:39  ----  4 CHONS compounds. 
2022-12-23 15:07:40  ----  13 CHOSP compounds. 
2022-12-23 15:07:42  ----  25 CHONSP compounds. 
2022-12-23 15:07:42  ----  Altamaha_PP48_000107-4_p08 contains 4991 molecules. 
2022-12-23 15:07:42  ----  5 "Not Matched" molecules were removed. 
2022-12-23 15:08:06  ----  1255 molecular transformation pathways were captured. 
2022-12-23 15:08:06  ----  The analysis of .\\02.CSV files\Altamaha_PP48_000107-4_p08\Out.csv has been completed.

 
2022-12-23 15:08:06  ----  Read file: .\\02.CSV files\Altamaha_SW48_000107-2_p08\Out.csv 
2022-12-23 15:08:06  ----  0 duplicated molecules were removed. 
2022-12-23 15:08:06  ----  25 molecules are filtered by custom conditions. 
2022-12-23 15:08:08  ----  Outline taxonomy: 0 molecules are not grouped. 
2022-12-23 15:08:08  ----  Specifics taxonomy: 8 molecules are not grouped. 
2022-12-23 15:08:08  ----  MSCC taxonomy: 627 molecules are not grouped. 
2022-12-23 15:08:10  ----  2526 CHO compounds. 
2022-12-23 15:08:11  ----  382 CHON compounds. 
2022-12-23 15:08:12  ----  1177 CHOP compounds. 
2022-12-23 15:08:13  ----  296 CHOS compounds. 
2022-12-23 15:08:14  ----  70 CHONP compounds. 
2022-12-23 15:08:16  ----  14 CHONS compounds. 
2022-12-23 15:08:17  ----  31 CHOSP compounds. 
2022-12-23 15:08:18  ----  32 CHONSP compounds. 
2022-12-23 15:08:18  ----  Altamaha_SW48_000107-2_p08 contains 4528 molecules. 
2022-12-23 15:08:18  ----  8 "Not Matched" molecules were removed. 
2022-12-23 15:08:38  ----  1255 molecular transformation pathways were captured. 
2022-12-23 15:08:39  ----  The analysis of .\\02.CSV files\Altamaha_SW48_000107-2_p08\Out.csv has been completed.

 
2022-12-23 15:08:39  ----  Read file: .\\02.CSV files\Altamaha_SW48_000107-3_p08\Out.csv 
2022-12-23 15:08:39  ----  0 duplicated molecules were removed. 
2022-12-23 15:08:39  ----  49 molecules are filtered by custom conditions. 
2022-12-23 15:08:40  ----  Outline taxonomy: 0 molecules are not grouped. 
2022-12-23 15:08:40  ----  Specifics taxonomy: 11 molecules are not grouped. 
2022-12-23 15:08:40  ----  MSCC taxonomy: 595 molecules are not grouped. 
2022-12-23 15:08:42  ----  2483 CHO compounds. 
2022-12-23 15:08:44  ----  355 CHON compounds. 
2022-12-23 15:08:45  ----  1255 CHOP compounds. 
2022-12-23 15:08:46  ----  314 CHOS compounds. 
2022-12-23 15:08:47  ----  83 CHONP compounds. 
2022-12-23 15:08:48  ----  14 CHONS compounds. 
2022-12-23 15:08:49  ----  53 CHOSP compounds. 
2022-12-23 15:08:51  ----  25 CHONSP compounds. 
2022-12-23 15:08:51  ----  Altamaha_SW48_000107-3_p08 contains 4582 molecules. 
2022-12-23 15:08:51  ----  11 "Not Matched" molecules were removed. 
2022-12-23 15:09:12  ----  1255 molecular transformation pathways were captured. 
2022-12-23 15:09:13  ----  The analysis of .\\02.CSV files\Altamaha_SW48_000107-3_p08\Out.csv has been completed.

 
2022-12-23 15:09:13  ----  Read file: .\\02.CSV files\Altamaha_SW48_000107-4_p08\Out.csv 
2022-12-23 15:09:13  ----  0 duplicated molecules were removed. 
2022-12-23 15:09:13  ----  46 molecules are filtered by custom conditions. 
2022-12-23 15:09:14  ----  Outline taxonomy: 0 molecules are not grouped. 
2022-12-23 15:09:14  ----  Specifics taxonomy: 10 molecules are not grouped. 
2022-12-23 15:09:14  ----  MSCC taxonomy: 748 molecules are not grouped. 
2022-12-23 15:09:16  ----  2562 CHO compounds. 
2022-12-23 15:09:18  ----  414 CHON compounds. 
2022-12-23 15:09:19  ----  1414 CHOP compounds. 
2022-12-23 15:09:20  ----  376 CHOS compounds. 
2022-12-23 15:09:22  ----  74 CHONP compounds. 
2022-12-23 15:09:23  ----  13 CHONS compounds. 
2022-12-23 15:09:24  ----  12 CHOSP compounds. 
2022-12-23 15:09:25  ----  21 CHONSP compounds. 
2022-12-23 15:09:25  ----  Altamaha_SW48_000107-4_p08 contains 4886 molecules. 
2022-12-23 15:09:25  ----  10 "Not Matched" molecules were removed. 
2022-12-23 15:09:48  ----  1255 molecular transformation pathways were captured. 
2022-12-23 15:09:49  ----  The analysis of .\\02.CSV files\Altamaha_SW48_000107-4_p08\Out.csv has been completed.

 
