2022-12-23 20:01:55  ----  Read file: .\\02.CSV files\Altamaha_PP48_000107-2_p08\Out.csv 
2022-12-23 20:01:55  ----  0 duplicated molecules were removed. 
2022-12-23 20:01:55  ----  43 molecules are filtered by custom conditions. 
2022-12-23 20:01:56  ----  Outline taxonomy: 0 molecules are not grouped. 
2022-12-23 20:01:56  ----  Specifics taxonomy: 5 molecules are not grouped. 
2022-12-23 20:01:56  ----  MSCC taxonomy: 669 molecules are not grouped. 
2022-12-23 20:01:59  ----  2710 CHO compounds. 
2022-12-23 20:02:00  ----  421 CHON compounds. 
2022-12-23 20:02:01  ----  1255 CHOP compounds. 
2022-12-23 20:02:02  ----  329 CHOS compounds. 
2022-12-23 20:02:04  ----  82 CHONP compounds. 
2022-12-23 20:02:05  ----  9 CHONS compounds. 
2022-12-23 20:02:06  ----  17 CHOSP compounds. 
2022-12-23 20:02:07  ----  17 CHONSP compounds. 
2022-12-23 20:02:07  ----  Altamaha_PP48_000107-2_p08 contains 4840 molecules. 
2022-12-23 20:02:07  ----  5 "Not Matched" molecules were removed. 
2022-12-23 20:02:32  ----  1255 molecular transformation pathways were captured. 
2022-12-23 20:02:32  ----  The analysis of .\\02.CSV files\Altamaha_PP48_000107-2_p08\Out.csv has been completed.

 
2022-12-23 20:02:32  ----  Read file: .\\02.CSV files\Altamaha_PP48_000107-3_p08\Out.csv 
2022-12-23 20:02:32  ----  0 duplicated molecules were removed. 
2022-12-23 20:02:33  ----  16 molecules are filtered by custom conditions. 
2022-12-23 20:02:34  ----  Outline taxonomy: 0 molecules are not grouped. 
2022-12-23 20:02:34  ----  Specifics taxonomy: 4 molecules are not grouped. 
2022-12-23 20:02:34  ----  MSCC taxonomy: 739 molecules are not grouped. 
2022-12-23 20:02:36  ----  2570 CHO compounds. 
2022-12-23 20:02:38  ----  522 CHON compounds. 
2022-12-23 20:02:39  ----  1266 CHOP compounds. 
2022-12-23 20:02:40  ----  403 CHOS compounds. 
2022-12-23 20:02:41  ----  99 CHONP compounds. 
2022-12-23 20:02:43  ----  18 CHONS compounds. 
2022-12-23 20:02:44  ----  28 CHOSP compounds. 
2022-12-23 20:02:45  ----  20 CHONSP compounds. 
2022-12-23 20:02:45  ----  Altamaha_PP48_000107-3_p08 contains 4926 molecules. 
2022-12-23 20:02:45  ----  4 "Not Matched" molecules were removed. 
2022-12-23 20:03:09  ----  1255 molecular transformation pathways were captured. 
2022-12-23 20:03:09  ----  The analysis of .\\02.CSV files\Altamaha_PP48_000107-3_p08\Out.csv has been completed.

 
2022-12-23 20:03:09  ----  Read file: .\\02.CSV files\Altamaha_PP48_000107-4_p08\Out.csv 
2022-12-23 20:03:09  ----  0 duplicated molecules were removed. 
2022-12-23 20:03:09  ----  39 molecules are filtered by custom conditions. 
2022-12-23 20:03:11  ----  Outline taxonomy: 0 molecules are not grouped. 
2022-12-23 20:03:11  ----  Specifics taxonomy: 5 molecules are not grouped. 
2022-12-23 20:03:11  ----  MSCC taxonomy: 673 molecules are not grouped. 
2022-12-23 20:03:13  ----  2742 CHO compounds. 
2022-12-23 20:03:14  ----  444 CHON compounds. 
2022-12-23 20:03:16  ----  1251 CHOP compounds. 
2022-12-23 20:03:17  ----  437 CHOS compounds. 
2022-12-23 20:03:18  ----  75 CHONP compounds. 
2022-12-23 20:03:20  ----  4 CHONS compounds. 
2022-12-23 20:03:21  ----  13 CHOSP compounds. 
2022-12-23 20:03:22  ----  25 CHONSP compounds. 
2022-12-23 20:03:22  ----  Altamaha_PP48_000107-4_p08 contains 4991 molecules. 
2022-12-23 20:03:22  ----  5 "Not Matched" molecules were removed. 
2022-12-23 20:03:47  ----  1255 molecular transformation pathways were captured. 
2022-12-23 20:03:47  ----  The analysis of .\\02.CSV files\Altamaha_PP48_000107-4_p08\Out.csv has been completed.

 
2022-12-23 20:03:47  ----  Read file: .\\02.CSV files\Altamaha_SW48_000107-2_p08\Out.csv 
2022-12-23 20:03:47  ----  0 duplicated molecules were removed. 
2022-12-23 20:03:48  ----  25 molecules are filtered by custom conditions. 
2022-12-23 20:03:49  ----  Outline taxonomy: 0 molecules are not grouped. 
2022-12-23 20:03:49  ----  Specifics taxonomy: 8 molecules are not grouped. 
2022-12-23 20:03:49  ----  MSCC taxonomy: 627 molecules are not grouped. 
2022-12-23 20:03:51  ----  2526 CHO compounds. 
2022-12-23 20:03:52  ----  382 CHON compounds. 
2022-12-23 20:03:53  ----  1177 CHOP compounds. 
2022-12-23 20:03:54  ----  296 CHOS compounds. 
2022-12-23 20:03:56  ----  70 CHONP compounds. 
2022-12-23 20:03:57  ----  14 CHONS compounds. 
2022-12-23 20:03:58  ----  31 CHOSP compounds. 
2022-12-23 20:03:59  ----  32 CHONSP compounds. 
2022-12-23 20:03:59  ----  Altamaha_SW48_000107-2_p08 contains 4528 molecules. 
2022-12-23 20:03:59  ----  8 "Not Matched" molecules were removed. 
2022-12-23 20:04:18  ----  1255 molecular transformation pathways were captured. 
2022-12-23 20:04:19  ----  The analysis of .\\02.CSV files\Altamaha_SW48_000107-2_p08\Out.csv has been completed.

 
2022-12-23 20:04:19  ----  Read file: .\\02.CSV files\Altamaha_SW48_000107-3_p08\Out.csv 
2022-12-23 20:04:19  ----  0 duplicated molecules were removed. 
2022-12-23 20:04:19  ----  49 molecules are filtered by custom conditions. 
2022-12-23 20:04:20  ----  Outline taxonomy: 0 molecules are not grouped. 
2022-12-23 20:04:20  ----  Specifics taxonomy: 11 molecules are not grouped. 
2022-12-23 20:04:20  ----  MSCC taxonomy: 595 molecules are not grouped. 
2022-12-23 20:04:23  ----  2483 CHO compounds. 
2022-12-23 20:04:24  ----  355 CHON compounds. 
2022-12-23 20:04:25  ----  1255 CHOP compounds. 
2022-12-23 20:04:26  ----  314 CHOS compounds. 
2022-12-23 20:04:27  ----  83 CHONP compounds. 
2022-12-23 20:04:28  ----  14 CHONS compounds. 
2022-12-23 20:04:30  ----  53 CHOSP compounds. 
2022-12-23 20:04:31  ----  25 CHONSP compounds. 
2022-12-23 20:04:31  ----  Altamaha_SW48_000107-3_p08 contains 4582 molecules. 
2022-12-23 20:04:31  ----  11 "Not Matched" molecules were removed. 
2022-12-23 20:04:51  ----  1255 molecular transformation pathways were captured. 
2022-12-23 20:04:51  ----  The analysis of .\\02.CSV files\Altamaha_SW48_000107-3_p08\Out.csv has been completed.

 
2022-12-23 20:04:51  ----  Read file: .\\02.CSV files\Altamaha_SW48_000107-4_p08\Out.csv 
2022-12-23 20:04:51  ----  0 duplicated molecules were removed. 
2022-12-23 20:04:52  ----  46 molecules are filtered by custom conditions. 
2022-12-23 20:04:53  ----  Outline taxonomy: 0 molecules are not grouped. 
2022-12-23 20:04:53  ----  Specifics taxonomy: 4 molecules are not grouped. 
2022-12-23 20:04:53  ----  MSCC taxonomy: 748 molecules are not grouped. 
2022-12-23 20:04:55  ----  2562 CHO compounds. 
2022-12-23 20:04:56  ----  414 CHON compounds. 
2022-12-23 20:04:58  ----  1414 CHOP compounds. 
2022-12-23 20:04:59  ----  376 CHOS compounds. 
2022-12-23 20:05:00  ----  74 CHONP compounds. 
2022-12-23 20:05:02  ----  13 CHONS compounds. 
2022-12-23 20:05:03  ----  12 CHOSP compounds. 
2022-12-23 20:05:04  ----  21 CHONSP compounds. 
2022-12-23 20:05:04  ----  Altamaha_SW48_000107-4_p08 contains 4886 molecules. 
2022-12-23 20:05:04  ----  4 "Not Matched" molecules were removed. 
2022-12-23 20:05:27  ----  1255 molecular transformation pathways were captured. 
2022-12-23 20:05:28  ----  The analysis of .\\02.CSV files\Altamaha_SW48_000107-4_p08\Out.csv has been completed.

 
