

Read file: C:\Users\KaiMa\Desktop\FtmsAnalysis\Example data\02.CSV files\Altamaha_PP48_000107-2_p08\Out.csv  ----  2022-09-06 15:55:36 
 
0 duplicated molecules were removed.  ----  2022-09-06 15:55:36 
 
43 molecules are filtered by custom conditions.  ----  2022-09-06 15:55:36 
 
Outline taxonomy: 0 molecules are not grouped.  ----  2022-09-06 15:55:37 
 
Specifics taxonomy: 5 molecules are not grouped.  ----  2022-09-06 15:55:37 
 
MSCC taxonomy: 669 molecules are not grouped.  ----  2022-09-06 15:55:37 
 
2710 CHO compounds.  ----  2022-09-06 15:55:40 
 
421 CHON compounds.  ----  2022-09-06 15:55:42 
 
1255 CHOP compounds.  ----  2022-09-06 15:55:44 
 
329 CHOS compounds.  ----  2022-09-06 15:55:45 
 
82 CHONP compounds.  ----  2022-09-06 15:55:47 
 
9 CHONS compounds.  ----  2022-09-06 15:55:49 
 
17 CHOSP compounds.  ----  2022-09-06 15:55:50 
 
17 CHONSP compounds.  ----  2022-09-06 15:55:52 
 
Altamaha_PP48_000107-2_p08 contains 4840 molecules.  ----  2022-09-06 15:55:52 
 
5 "Not Matched" molecules were removed.  ----  2022-09-06 15:55:52 
 


Read file: C:\Users\KaiMa\Desktop\FtmsAnalysis\Example data\02.CSV files\Altamaha_PP48_000107-3_p08\Out.csv  ----  2022-09-06 15:55:52 
 
0 duplicated molecules were removed.  ----  2022-09-06 15:55:52 
 
16 molecules are filtered by custom conditions.  ----  2022-09-06 15:55:52 
 
Outline taxonomy: 0 molecules are not grouped.  ----  2022-09-06 15:55:54 
 
Specifics taxonomy: 4 molecules are not grouped.  ----  2022-09-06 15:55:54 
 
MSCC taxonomy: 739 molecules are not grouped.  ----  2022-09-06 15:55:54 
 
2570 CHO compounds.  ----  2022-09-06 15:55:57 
 
522 CHON compounds.  ----  2022-09-06 15:55:59 
 
1266 CHOP compounds.  ----  2022-09-06 15:56:01 
 
403 CHOS compounds.  ----  2022-09-06 15:56:03 
 
99 CHONP compounds.  ----  2022-09-06 15:56:04 
 
18 CHONS compounds.  ----  2022-09-06 15:56:06 
 
28 CHOSP compounds.  ----  2022-09-06 15:56:08 
 
20 CHONSP compounds.  ----  2022-09-06 15:56:09 
 
Altamaha_PP48_000107-3_p08 contains 4926 molecules.  ----  2022-09-06 15:56:09 
 
4 "Not Matched" molecules were removed.  ----  2022-09-06 15:56:10 
 


Read file: C:\Users\KaiMa\Desktop\FtmsAnalysis\Example data\02.CSV files\Altamaha_PP48_000107-4_p08\Out.csv  ----  2022-09-06 15:56:10 
 
0 duplicated molecules were removed.  ----  2022-09-06 15:56:10 
 
39 molecules are filtered by custom conditions.  ----  2022-09-06 15:56:10 
 
Outline taxonomy: 0 molecules are not grouped.  ----  2022-09-06 15:56:11 
 
Specifics taxonomy: 5 molecules are not grouped.  ----  2022-09-06 15:56:11 
 
MSCC taxonomy: 673 molecules are not grouped.  ----  2022-09-06 15:56:11 
 
2742 CHO compounds.  ----  2022-09-06 15:56:14 
 
444 CHON compounds.  ----  2022-09-06 15:56:16 
 
1251 CHOP compounds.  ----  2022-09-06 15:56:18 
 
437 CHOS compounds.  ----  2022-09-06 15:56:20 
 
75 CHONP compounds.  ----  2022-09-06 15:56:22 
 
4 CHONS compounds.  ----  2022-09-06 15:56:23 
 
13 CHOSP compounds.  ----  2022-09-06 15:56:25 
 
25 CHONSP compounds.  ----  2022-09-06 15:56:27 
 
Altamaha_PP48_000107-4_p08 contains 4991 molecules.  ----  2022-09-06 15:56:27 
 
5 "Not Matched" molecules were removed.  ----  2022-09-06 15:56:27 
 


Read file: C:\Users\KaiMa\Desktop\FtmsAnalysis\Example data\02.CSV files\Altamaha_SW48_000107-2_p08\Out.csv  ----  2022-09-06 15:56:27 
 
0 duplicated molecules were removed.  ----  2022-09-06 15:56:27 
 
25 molecules are filtered by custom conditions.  ----  2022-09-06 15:56:27 
 
Outline taxonomy: 0 molecules are not grouped.  ----  2022-09-06 15:56:28 
 
Specifics taxonomy: 8 molecules are not grouped.  ----  2022-09-06 15:56:28 
 
MSCC taxonomy: 627 molecules are not grouped.  ----  2022-09-06 15:56:28 
 
2526 CHO compounds.  ----  2022-09-06 15:56:31 
 
382 CHON compounds.  ----  2022-09-06 15:56:33 
 
1177 CHOP compounds.  ----  2022-09-06 15:56:34 
 
296 CHOS compounds.  ----  2022-09-06 15:56:36 
 
70 CHONP compounds.  ----  2022-09-06 15:56:37 
 
14 CHONS compounds.  ----  2022-09-06 15:56:39 
 
31 CHOSP compounds.  ----  2022-09-06 15:56:40 
 
32 CHONSP compounds.  ----  2022-09-06 15:56:42 
 
Altamaha_SW48_000107-2_p08 contains 4528 molecules.  ----  2022-09-06 15:56:42 
 
8 "Not Matched" molecules were removed.  ----  2022-09-06 15:56:42 
 


Read file: C:\Users\KaiMa\Desktop\FtmsAnalysis\Example data\02.CSV files\Altamaha_SW48_000107-3_p08\Out.csv  ----  2022-09-06 15:56:42 
 
0 duplicated molecules were removed.  ----  2022-09-06 15:56:42 
 
49 molecules are filtered by custom conditions.  ----  2022-09-06 15:56:42 
 
Outline taxonomy: 0 molecules are not grouped.  ----  2022-09-06 15:56:44 
 
Specifics taxonomy: 11 molecules are not grouped.  ----  2022-09-06 15:56:44 
 
MSCC taxonomy: 595 molecules are not grouped.  ----  2022-09-06 15:56:44 
 
2483 CHO compounds.  ----  2022-09-06 15:56:47 
 
355 CHON compounds.  ----  2022-09-06 15:56:48 
 
1255 CHOP compounds.  ----  2022-09-06 15:56:50 
 
314 CHOS compounds.  ----  2022-09-06 15:56:51 
 
83 CHONP compounds.  ----  2022-09-06 15:56:53 
 
14 CHONS compounds.  ----  2022-09-06 15:56:54 
 
53 CHOSP compounds.  ----  2022-09-06 15:56:56 
 
25 CHONSP compounds.  ----  2022-09-06 15:56:58 
 
Altamaha_SW48_000107-3_p08 contains 4582 molecules.  ----  2022-09-06 15:56:58 
 
11 "Not Matched" molecules were removed.  ----  2022-09-06 15:56:58 
 


Read file: C:\Users\KaiMa\Desktop\FtmsAnalysis\Example data\02.CSV files\Altamaha_SW48_000107-4_p08\Out.csv  ----  2022-09-06 15:56:58 
 
0 duplicated molecules were removed.  ----  2022-09-06 15:56:58 
 
46 molecules are filtered by custom conditions.  ----  2022-09-06 15:56:58 
 
Outline taxonomy: 0 molecules are not grouped.  ----  2022-09-06 15:56:59 
 
Specifics taxonomy: 4 molecules are not grouped.  ----  2022-09-06 15:56:59 
 
MSCC taxonomy: 748 molecules are not grouped.  ----  2022-09-06 15:56:59 
 
2562 CHO compounds.  ----  2022-09-06 15:57:02 
 
414 CHON compounds.  ----  2022-09-06 15:57:04 
 
1414 CHOP compounds.  ----  2022-09-06 15:57:05 
 
376 CHOS compounds.  ----  2022-09-06 15:57:07 
 
74 CHONP compounds.  ----  2022-09-06 15:57:09 
 
13 CHONS compounds.  ----  2022-09-06 15:57:10 
 
12 CHOSP compounds.  ----  2022-09-06 15:57:12 
 
21 CHONSP compounds.  ----  2022-09-06 15:57:14 
 
Altamaha_SW48_000107-4_p08 contains 4886 molecules.  ----  2022-09-06 15:57:14 
 
4 "Not Matched" molecules were removed.  ----  2022-09-06 15:57:14 
 
