2023-02-09 15:32:49  ----  Read file: C:/Users/KaiMa/Desktop/DOM-in-MicroEco-main/Example data/02.CSV files\Altamaha_PP48_000107-2_p08\Out.csv 
2023-02-09 15:32:49  ----  0 duplicated molecules were removed. 
2023-02-09 15:32:49  ----  43 molecules are filtered by custom conditions. 
2023-02-09 15:32:50  ----  Outline taxonomy: 0 molecules are not grouped. 
2023-02-09 15:32:50  ----  Specifics taxonomy: 5 molecules are not grouped. 
2023-02-09 15:32:50  ----  MSCC taxonomy: 669 molecules are not grouped. 
2023-02-09 15:32:52  ----  2710 CHO compounds. 
2023-02-09 15:32:53  ----  421 CHON compounds. 
2023-02-09 15:32:54  ----  1255 CHOP compounds. 
2023-02-09 15:32:55  ----  329 CHOS compounds. 
2023-02-09 15:32:57  ----  82 CHONP compounds. 
2023-02-09 15:32:58  ----  9 CHONS compounds. 
2023-02-09 15:32:59  ----  17 CHOSP compounds. 
2023-02-09 15:33:00  ----  17 CHONSP compounds. 
2023-02-09 15:33:00  ----  Altamaha_PP48_000107-2_p08 contains 4840 molecules. 
2023-02-09 15:33:00  ----  5 "Not Matched" molecules were removed. 
2023-02-09 15:33:22  ----  1255 molecular transformation pathways were captured. 
2023-02-09 15:33:23  ----  The analysis of C:/Users/KaiMa/Desktop/DOM-in-MicroEco-main/Example data/02.CSV files\Altamaha_PP48_000107-2_p08\Out.csv has been completed.

 
2023-02-09 15:33:23  ----  Read file: C:/Users/KaiMa/Desktop/DOM-in-MicroEco-main/Example data/02.CSV files\Altamaha_PP48_000107-3_p08\Out.csv 
2023-02-09 15:33:23  ----  0 duplicated molecules were removed. 
2023-02-09 15:33:23  ----  16 molecules are filtered by custom conditions. 
2023-02-09 15:33:24  ----  Outline taxonomy: 0 molecules are not grouped. 
2023-02-09 15:33:24  ----  Specifics taxonomy: 4 molecules are not grouped. 
2023-02-09 15:33:24  ----  MSCC taxonomy: 739 molecules are not grouped. 
2023-02-09 15:33:26  ----  2570 CHO compounds. 
2023-02-09 15:33:27  ----  522 CHON compounds. 
2023-02-09 15:33:28  ----  1266 CHOP compounds. 
2023-02-09 15:33:29  ----  403 CHOS compounds. 
2023-02-09 15:33:30  ----  99 CHONP compounds. 
2023-02-09 15:33:31  ----  18 CHONS compounds. 
2023-02-09 15:33:32  ----  28 CHOSP compounds. 
2023-02-09 15:33:33  ----  20 CHONSP compounds. 
2023-02-09 15:33:33  ----  Altamaha_PP48_000107-3_p08 contains 4926 molecules. 
2023-02-09 15:33:33  ----  4 "Not Matched" molecules were removed. 
2023-02-09 15:33:57  ----  1255 molecular transformation pathways were captured. 
2023-02-09 15:33:57  ----  The analysis of C:/Users/KaiMa/Desktop/DOM-in-MicroEco-main/Example data/02.CSV files\Altamaha_PP48_000107-3_p08\Out.csv has been completed.

 
2023-02-09 15:33:57  ----  Read file: C:/Users/KaiMa/Desktop/DOM-in-MicroEco-main/Example data/02.CSV files\Altamaha_PP48_000107-4_p08\Out.csv 
2023-02-09 15:33:57  ----  0 duplicated molecules were removed. 
2023-02-09 15:33:57  ----  39 molecules are filtered by custom conditions. 
2023-02-09 15:33:59  ----  Outline taxonomy: 0 molecules are not grouped. 
2023-02-09 15:33:59  ----  Specifics taxonomy: 5 molecules are not grouped. 
2023-02-09 15:33:59  ----  MSCC taxonomy: 673 molecules are not grouped. 
2023-02-09 15:34:01  ----  2742 CHO compounds. 
2023-02-09 15:34:02  ----  444 CHON compounds. 
2023-02-09 15:34:03  ----  1251 CHOP compounds. 
2023-02-09 15:34:04  ----  437 CHOS compounds. 
2023-02-09 15:34:05  ----  75 CHONP compounds. 
2023-02-09 15:34:06  ----  4 CHONS compounds. 
2023-02-09 15:34:07  ----  13 CHOSP compounds. 
2023-02-09 15:34:08  ----  25 CHONSP compounds. 
2023-02-09 15:34:08  ----  Altamaha_PP48_000107-4_p08 contains 4991 molecules. 
2023-02-09 15:34:08  ----  5 "Not Matched" molecules were removed. 
2023-02-09 15:34:34  ----  1255 molecular transformation pathways were captured. 
2023-02-09 15:34:34  ----  The analysis of C:/Users/KaiMa/Desktop/DOM-in-MicroEco-main/Example data/02.CSV files\Altamaha_PP48_000107-4_p08\Out.csv has been completed.

 
2023-02-09 15:34:34  ----  Read file: C:/Users/KaiMa/Desktop/DOM-in-MicroEco-main/Example data/02.CSV files\Altamaha_SW48_000107-2_p08\Out.csv 
2023-02-09 15:34:34  ----  0 duplicated molecules were removed. 
2023-02-09 15:34:34  ----  25 molecules are filtered by custom conditions. 
2023-02-09 15:34:35  ----  Outline taxonomy: 0 molecules are not grouped. 
2023-02-09 15:34:35  ----  Specifics taxonomy: 8 molecules are not grouped. 
2023-02-09 15:34:35  ----  MSCC taxonomy: 627 molecules are not grouped. 
2023-02-09 15:34:37  ----  2526 CHO compounds. 
2023-02-09 15:34:38  ----  382 CHON compounds. 
2023-02-09 15:34:39  ----  1177 CHOP compounds. 
2023-02-09 15:34:40  ----  296 CHOS compounds. 
2023-02-09 15:34:41  ----  70 CHONP compounds. 
2023-02-09 15:34:42  ----  14 CHONS compounds. 
2023-02-09 15:34:43  ----  31 CHOSP compounds. 
2023-02-09 15:34:44  ----  32 CHONSP compounds. 
2023-02-09 15:34:44  ----  Altamaha_SW48_000107-2_p08 contains 4528 molecules. 
2023-02-09 15:34:44  ----  8 "Not Matched" molecules were removed. 
2023-02-09 15:35:04  ----  1255 molecular transformation pathways were captured. 
2023-02-09 15:35:04  ----  The analysis of C:/Users/KaiMa/Desktop/DOM-in-MicroEco-main/Example data/02.CSV files\Altamaha_SW48_000107-2_p08\Out.csv has been completed.

 
2023-02-09 15:35:04  ----  Read file: C:/Users/KaiMa/Desktop/DOM-in-MicroEco-main/Example data/02.CSV files\Altamaha_SW48_000107-3_p08\Out.csv 
2023-02-09 15:35:04  ----  0 duplicated molecules were removed. 
2023-02-09 15:35:04  ----  49 molecules are filtered by custom conditions. 
2023-02-09 15:35:05  ----  Outline taxonomy: 0 molecules are not grouped. 
2023-02-09 15:35:05  ----  Specifics taxonomy: 11 molecules are not grouped. 
2023-02-09 15:35:05  ----  MSCC taxonomy: 595 molecules are not grouped. 
2023-02-09 15:35:07  ----  2483 CHO compounds. 
2023-02-09 15:35:08  ----  355 CHON compounds. 
2023-02-09 15:35:09  ----  1255 CHOP compounds. 
2023-02-09 15:35:10  ----  314 CHOS compounds. 
2023-02-09 15:35:11  ----  83 CHONP compounds. 
2023-02-09 15:35:12  ----  14 CHONS compounds. 
2023-02-09 15:35:13  ----  53 CHOSP compounds. 
2023-02-09 15:35:14  ----  25 CHONSP compounds. 
2023-02-09 15:35:14  ----  Altamaha_SW48_000107-3_p08 contains 4582 molecules. 
2023-02-09 15:35:14  ----  11 "Not Matched" molecules were removed. 
2023-02-09 15:35:35  ----  1255 molecular transformation pathways were captured. 
2023-02-09 15:35:35  ----  The analysis of C:/Users/KaiMa/Desktop/DOM-in-MicroEco-main/Example data/02.CSV files\Altamaha_SW48_000107-3_p08\Out.csv has been completed.

 
2023-02-09 15:35:35  ----  Read file: C:/Users/KaiMa/Desktop/DOM-in-MicroEco-main/Example data/02.CSV files\Altamaha_SW48_000107-4_p08\Out.csv 
2023-02-09 15:35:35  ----  0 duplicated molecules were removed. 
2023-02-09 15:35:35  ----  46 molecules are filtered by custom conditions. 
2023-02-09 15:35:36  ----  Outline taxonomy: 0 molecules are not grouped. 
2023-02-09 15:35:36  ----  Specifics taxonomy: 4 molecules are not grouped. 
2023-02-09 15:35:36  ----  MSCC taxonomy: 748 molecules are not grouped. 
2023-02-09 15:35:38  ----  2562 CHO compounds. 
2023-02-09 15:35:39  ----  414 CHON compounds. 
2023-02-09 15:35:40  ----  1414 CHOP compounds. 
2023-02-09 15:35:41  ----  376 CHOS compounds. 
2023-02-09 15:35:42  ----  74 CHONP compounds. 
2023-02-09 15:35:43  ----  13 CHONS compounds. 
2023-02-09 15:35:45  ----  12 CHOSP compounds. 
2023-02-09 15:35:46  ----  21 CHONSP compounds. 
2023-02-09 15:35:46  ----  Altamaha_SW48_000107-4_p08 contains 4886 molecules. 
2023-02-09 15:35:46  ----  4 "Not Matched" molecules were removed. 
2023-02-09 15:36:09  ----  1255 molecular transformation pathways were captured. 
2023-02-09 15:36:09  ----  The analysis of C:/Users/KaiMa/Desktop/DOM-in-MicroEco-main/Example data/02.CSV files\Altamaha_SW48_000107-4_p08\Out.csv has been completed.

 
