2023-02-14 16:19:54  ----  Read file: C:/Users/KaiMa/Desktop/DOM-in-MicroEco-main/Example data/02.CSV files\Altamaha_PP48_000107-2_p08\Out.csv 
2023-02-14 16:19:54  ----  0 duplicated molecules were removed. 
2023-02-14 16:19:54  ----  43 molecules are filtered by custom conditions. 
2023-02-14 16:19:55  ----  Outline taxonomy: 0 molecules are not grouped. 
2023-02-14 16:19:55  ----  Specifics taxonomy: 5 molecules are not grouped. 
2023-02-14 16:19:55  ----  MSCC taxonomy: 669 molecules are not grouped. 
2023-02-14 16:19:57  ----  2710 CHO compounds. 
2023-02-14 16:19:58  ----  421 CHON compounds. 
2023-02-14 16:19:59  ----  1255 CHOP compounds. 
2023-02-14 16:20:00  ----  329 CHOS compounds. 
2023-02-14 16:20:01  ----  82 CHONP compounds. 
2023-02-14 16:20:03  ----  9 CHONS compounds. 
2023-02-14 16:20:04  ----  17 CHOSP compounds. 
2023-02-14 16:20:05  ----  17 CHONSP compounds. 
2023-02-14 16:20:05  ----  Altamaha_PP48_000107-2_p08 contains 4840 molecules. 
2023-02-14 16:20:05  ----  5 "Not Matched" molecules were removed. 
2023-02-14 16:20:26  ----  1255 molecular transformation pathways were captured. 
2023-02-14 16:20:27  ----  The analysis of C:/Users/KaiMa/Desktop/DOM-in-MicroEco-main/Example data/02.CSV files\Altamaha_PP48_000107-2_p08\Out.csv has been completed.

 
2023-02-14 16:20:27  ----  Read file: C:/Users/KaiMa/Desktop/DOM-in-MicroEco-main/Example data/02.CSV files\Altamaha_PP48_000107-3_p08\Out.csv 
2023-02-14 16:20:27  ----  0 duplicated molecules were removed. 
2023-02-14 16:20:27  ----  16 molecules are filtered by custom conditions. 
2023-02-14 16:20:28  ----  Outline taxonomy: 0 molecules are not grouped. 
2023-02-14 16:20:28  ----  Specifics taxonomy: 4 molecules are not grouped. 
2023-02-14 16:20:28  ----  MSCC taxonomy: 739 molecules are not grouped. 
2023-02-14 16:20:30  ----  2570 CHO compounds. 
2023-02-14 16:20:31  ----  522 CHON compounds. 
2023-02-14 16:20:32  ----  1266 CHOP compounds. 
2023-02-14 16:20:33  ----  403 CHOS compounds. 
2023-02-14 16:20:34  ----  99 CHONP compounds. 
2023-02-14 16:20:36  ----  18 CHONS compounds. 
2023-02-14 16:20:37  ----  28 CHOSP compounds. 
2023-02-14 16:20:38  ----  20 CHONSP compounds. 
2023-02-14 16:20:38  ----  Altamaha_PP48_000107-3_p08 contains 4926 molecules. 
2023-02-14 16:20:38  ----  4 "Not Matched" molecules were removed. 
2023-02-14 16:21:01  ----  1255 molecular transformation pathways were captured. 
2023-02-14 16:21:02  ----  The analysis of C:/Users/KaiMa/Desktop/DOM-in-MicroEco-main/Example data/02.CSV files\Altamaha_PP48_000107-3_p08\Out.csv has been completed.

 
2023-02-14 16:21:02  ----  Read file: C:/Users/KaiMa/Desktop/DOM-in-MicroEco-main/Example data/02.CSV files\Altamaha_PP48_000107-4_p08\Out.csv 
2023-02-14 16:21:02  ----  0 duplicated molecules were removed. 
2023-02-14 16:21:02  ----  39 molecules are filtered by custom conditions. 
2023-02-14 16:21:03  ----  Outline taxonomy: 0 molecules are not grouped. 
2023-02-14 16:21:03  ----  Specifics taxonomy: 5 molecules are not grouped. 
2023-02-14 16:21:03  ----  MSCC taxonomy: 673 molecules are not grouped. 
2023-02-14 16:21:05  ----  2742 CHO compounds. 
2023-02-14 16:21:06  ----  444 CHON compounds. 
2023-02-14 16:21:07  ----  1251 CHOP compounds. 
2023-02-14 16:21:08  ----  437 CHOS compounds. 
2023-02-14 16:21:09  ----  75 CHONP compounds. 
2023-02-14 16:21:10  ----  4 CHONS compounds. 
2023-02-14 16:21:12  ----  13 CHOSP compounds. 
2023-02-14 16:21:13  ----  25 CHONSP compounds. 
2023-02-14 16:21:13  ----  Altamaha_PP48_000107-4_p08 contains 4991 molecules. 
2023-02-14 16:21:13  ----  5 "Not Matched" molecules were removed. 
2023-02-14 16:21:37  ----  1255 molecular transformation pathways were captured. 
2023-02-14 16:21:37  ----  The analysis of C:/Users/KaiMa/Desktop/DOM-in-MicroEco-main/Example data/02.CSV files\Altamaha_PP48_000107-4_p08\Out.csv has been completed.

 
2023-02-14 16:21:37  ----  Read file: C:/Users/KaiMa/Desktop/DOM-in-MicroEco-main/Example data/02.CSV files\Altamaha_SW48_000107-2_p08\Out.csv 
2023-02-14 16:21:37  ----  0 duplicated molecules were removed. 
2023-02-14 16:21:37  ----  25 molecules are filtered by custom conditions. 
2023-02-14 16:21:39  ----  Outline taxonomy: 0 molecules are not grouped. 
2023-02-14 16:21:39  ----  Specifics taxonomy: 8 molecules are not grouped. 
2023-02-14 16:21:39  ----  MSCC taxonomy: 627 molecules are not grouped. 
2023-02-14 16:21:40  ----  2526 CHO compounds. 
2023-02-14 16:21:41  ----  382 CHON compounds. 
2023-02-14 16:21:42  ----  1177 CHOP compounds. 
2023-02-14 16:21:43  ----  296 CHOS compounds. 
2023-02-14 16:21:44  ----  70 CHONP compounds. 
2023-02-14 16:21:46  ----  14 CHONS compounds. 
2023-02-14 16:21:47  ----  31 CHOSP compounds. 
2023-02-14 16:21:48  ----  32 CHONSP compounds. 
2023-02-14 16:21:48  ----  Altamaha_SW48_000107-2_p08 contains 4528 molecules. 
2023-02-14 16:21:48  ----  8 "Not Matched" molecules were removed. 
2023-02-14 16:22:09  ----  1255 molecular transformation pathways were captured. 
2023-02-14 16:22:09  ----  The analysis of C:/Users/KaiMa/Desktop/DOM-in-MicroEco-main/Example data/02.CSV files\Altamaha_SW48_000107-2_p08\Out.csv has been completed.

 
2023-02-14 16:22:09  ----  Read file: C:/Users/KaiMa/Desktop/DOM-in-MicroEco-main/Example data/02.CSV files\Altamaha_SW48_000107-3_p08\Out.csv 
2023-02-14 16:22:09  ----  0 duplicated molecules were removed. 
2023-02-14 16:22:09  ----  49 molecules are filtered by custom conditions. 
2023-02-14 16:22:11  ----  Outline taxonomy: 0 molecules are not grouped. 
2023-02-14 16:22:11  ----  Specifics taxonomy: 11 molecules are not grouped. 
2023-02-14 16:22:11  ----  MSCC taxonomy: 595 molecules are not grouped. 
2023-02-14 16:22:12  ----  2483 CHO compounds. 
2023-02-14 16:22:13  ----  355 CHON compounds. 
2023-02-14 16:22:14  ----  1255 CHOP compounds. 
2023-02-14 16:22:15  ----  314 CHOS compounds. 
2023-02-14 16:22:16  ----  83 CHONP compounds. 
2023-02-14 16:22:17  ----  14 CHONS compounds. 
2023-02-14 16:22:18  ----  53 CHOSP compounds. 
2023-02-14 16:22:19  ----  25 CHONSP compounds. 
2023-02-14 16:22:19  ----  Altamaha_SW48_000107-3_p08 contains 4582 molecules. 
2023-02-14 16:22:19  ----  11 "Not Matched" molecules were removed. 
2023-02-14 16:22:40  ----  1255 molecular transformation pathways were captured. 
2023-02-14 16:22:40  ----  The analysis of C:/Users/KaiMa/Desktop/DOM-in-MicroEco-main/Example data/02.CSV files\Altamaha_SW48_000107-3_p08\Out.csv has been completed.

 
2023-02-14 16:22:40  ----  Read file: C:/Users/KaiMa/Desktop/DOM-in-MicroEco-main/Example data/02.CSV files\Altamaha_SW48_000107-4_p08\Out.csv 
2023-02-14 16:22:40  ----  0 duplicated molecules were removed. 
2023-02-14 16:22:40  ----  46 molecules are filtered by custom conditions. 
2023-02-14 16:22:42  ----  Outline taxonomy: 0 molecules are not grouped. 
2023-02-14 16:22:42  ----  Specifics taxonomy: 4 molecules are not grouped. 
2023-02-14 16:22:42  ----  MSCC taxonomy: 748 molecules are not grouped. 
2023-02-14 16:22:44  ----  2562 CHO compounds. 
2023-02-14 16:22:45  ----  414 CHON compounds. 
2023-02-14 16:22:46  ----  1414 CHOP compounds. 
2023-02-14 16:22:47  ----  376 CHOS compounds. 
2023-02-14 16:22:48  ----  74 CHONP compounds. 
2023-02-14 16:22:49  ----  13 CHONS compounds. 
2023-02-14 16:22:50  ----  12 CHOSP compounds. 
2023-02-14 16:22:51  ----  21 CHONSP compounds. 
2023-02-14 16:22:51  ----  Altamaha_SW48_000107-4_p08 contains 4886 molecules. 
2023-02-14 16:22:51  ----  4 "Not Matched" molecules were removed. 
2023-02-14 16:23:14  ----  1255 molecular transformation pathways were captured. 
2023-02-14 16:23:14  ----  The analysis of C:/Users/KaiMa/Desktop/DOM-in-MicroEco-main/Example data/02.CSV files\Altamaha_SW48_000107-4_p08\Out.csv has been completed.

 
