2023-07-07 14:25:08  ----  Read file: 02.CSV_files/Altamaha_PP48_000107-2_p08CShOut.csv 
2023-07-07 14:25:08  ----  0 molecules containing C13 were deleted, retains 5702 molecules. 
2023-07-07 14:25:08  ----  1803 duplicated molecules were removed, retains 3899 molecules. 
2023-07-07 14:25:08  ----  0 CH compounds were removed, retains 3899 molecules. 
2023-07-07 14:25:08  ----  742 chemically may non-existent molecules are removed, retains 3157 molecules. 
2023-07-07 14:25:08  ----  15 molecules are filtered by custom conditions, retains 3142 molecules. 
2023-07-07 14:25:09  ----  Outline taxonomy: 0 molecules are not grouped. 
2023-07-07 14:25:09  ----  Specifics taxonomy: 1 molecules are not grouped. 
2023-07-07 14:25:09  ----  MSCC taxonomy: 3085 molecules are not grouped. 
2023-07-07 14:25:09  ----  CRAM taxonomy: 1717 molecules are grouped. 
2023-07-07 14:25:09  ----  IOS taxonomy: 211 molecules are grouped. 
2023-07-07 14:25:09  ----  1921 CHO compounds. 
2023-07-07 14:25:09  ----  877 CHON compounds. 
2023-07-07 14:25:09  ----  26 CHONS compounds. 
2023-07-07 14:25:09  ----  318 CHOS compounds. 
2023-07-07 14:25:09  ----  Altamaha_PP48_000107-2_p08 contains 3142 molecules. 
2023-07-07 14:25:09  ----  1 "Not Matched" molecules were removed. 
2023-07-07 14:25:15  ----  949 molecular transformation pathways were captured. 
2023-07-07 14:25:15  ----  The analysis was completed: 02.CSV_files/Altamaha_PP48_000107-2_p08CShOut.csv.
 
2023-07-07 14:25:15  ----  Read file: 02.CSV_files/Altamaha_PP48_000107-3_p08CShOut.csv 
2023-07-07 14:25:15  ----  0 molecules containing C13 were deleted, retains 5723 molecules. 
2023-07-07 14:25:15  ----  1799 duplicated molecules were removed, retains 3924 molecules. 
2023-07-07 14:25:15  ----  0 CH compounds were removed, retains 3924 molecules. 
2023-07-07 14:25:15  ----  730 chemically may non-existent molecules are removed, retains 3194 molecules. 
2023-07-07 14:25:15  ----  14 molecules are filtered by custom conditions, retains 3180 molecules. 
2023-07-07 14:25:16  ----  Outline taxonomy: 0 molecules are not grouped. 
2023-07-07 14:25:16  ----  Specifics taxonomy: 1 molecules are not grouped. 
2023-07-07 14:25:16  ----  MSCC taxonomy: 3089 molecules are not grouped. 
2023-07-07 14:25:16  ----  CRAM taxonomy: 1773 molecules are grouped. 
2023-07-07 14:25:16  ----  IOS taxonomy: 225 molecules are grouped. 
2023-07-07 14:25:16  ----  1776 CHO compounds. 
2023-07-07 14:25:16  ----  1008 CHON compounds. 
2023-07-07 14:25:16  ----  38 CHONS compounds. 
2023-07-07 14:25:16  ----  358 CHOS compounds. 
2023-07-07 14:25:16  ----  Altamaha_PP48_000107-3_p08 contains 3180 molecules. 
2023-07-07 14:25:16  ----  1 "Not Matched" molecules were removed. 
2023-07-07 14:25:23  ----  949 molecular transformation pathways were captured. 
2023-07-07 14:25:24  ----  The analysis was completed: 02.CSV_files/Altamaha_PP48_000107-3_p08CShOut.csv.
 
2023-07-07 14:25:24  ----  Read file: 02.CSV_files/Altamaha_PP48_000107-4_p08CShOut.csv 
2023-07-07 14:25:24  ----  0 molecules containing C13 were deleted, retains 5824 molecules. 
2023-07-07 14:25:24  ----  1806 duplicated molecules were removed, retains 4018 molecules. 
2023-07-07 14:25:24  ----  0 CH compounds were removed, retains 4018 molecules. 
2023-07-07 14:25:24  ----  738 chemically may non-existent molecules are removed, retains 3280 molecules. 
2023-07-07 14:25:24  ----  12 molecules are filtered by custom conditions, retains 3268 molecules. 
2023-07-07 14:25:25  ----  Outline taxonomy: 0 molecules are not grouped. 
2023-07-07 14:25:25  ----  Specifics taxonomy: 1 molecules are not grouped. 
2023-07-07 14:25:25  ----  MSCC taxonomy: 3194 molecules are not grouped. 
2023-07-07 14:25:25  ----  CRAM taxonomy: 1819 molecules are grouped. 
2023-07-07 14:25:25  ----  IOS taxonomy: 222 molecules are grouped. 
2023-07-07 14:25:25  ----  1917 CHO compounds. 
2023-07-07 14:25:25  ----  932 CHON compounds. 
2023-07-07 14:25:25  ----  31 CHONS compounds. 
2023-07-07 14:25:25  ----  388 CHOS compounds. 
2023-07-07 14:25:25  ----  Altamaha_PP48_000107-4_p08 contains 3268 molecules. 
2023-07-07 14:25:25  ----  1 "Not Matched" molecules were removed. 
2023-07-07 14:25:32  ----  949 molecular transformation pathways were captured. 
2023-07-07 14:25:33  ----  The analysis was completed: 02.CSV_files/Altamaha_PP48_000107-4_p08CShOut.csv.
 
2023-07-07 14:25:33  ----  Read file: 02.CSV_files/Altamaha_SW48_000107-2_p08CShOut.csv 
2023-07-07 14:25:33  ----  0 molecules containing C13 were deleted, retains 5363 molecules. 
2023-07-07 14:25:33  ----  1736 duplicated molecules were removed, retains 3627 molecules. 
2023-07-07 14:25:33  ----  0 CH compounds were removed, retains 3627 molecules. 
2023-07-07 14:25:33  ----  693 chemically may non-existent molecules are removed, retains 2934 molecules. 
2023-07-07 14:25:33  ----  9 molecules are filtered by custom conditions, retains 2925 molecules. 
2023-07-07 14:25:34  ----  Outline taxonomy: 0 molecules are not grouped. 
2023-07-07 14:25:34  ----  Specifics taxonomy: 2 molecules are not grouped. 
2023-07-07 14:25:34  ----  MSCC taxonomy: 2883 molecules are not grouped. 
2023-07-07 14:25:34  ----  CRAM taxonomy: 1608 molecules are grouped. 
2023-07-07 14:25:34  ----  IOS taxonomy: 204 molecules are grouped. 
2023-07-07 14:25:34  ----  1804 CHO compounds. 
2023-07-07 14:25:34  ----  796 CHON compounds. 
2023-07-07 14:25:34  ----  34 CHONS compounds. 
2023-07-07 14:25:34  ----  291 CHOS compounds. 
2023-07-07 14:25:34  ----  Altamaha_SW48_000107-2_p08 contains 2925 molecules. 
2023-07-07 14:25:34  ----  2 "Not Matched" molecules were removed. 
2023-07-07 14:25:40  ----  949 molecular transformation pathways were captured. 
2023-07-07 14:25:41  ----  The analysis was completed: 02.CSV_files/Altamaha_SW48_000107-2_p08CShOut.csv.
 
2023-07-07 14:25:41  ----  Read file: 02.CSV_files/Altamaha_SW48_000107-3_p08CShOut.csv 
2023-07-07 14:25:41  ----  0 molecules containing C13 were deleted, retains 5377 molecules. 
2023-07-07 14:25:41  ----  1869 duplicated molecules were removed, retains 3508 molecules. 
2023-07-07 14:25:41  ----  0 CH compounds were removed, retains 3508 molecules. 
2023-07-07 14:25:41  ----  677 chemically may non-existent molecules are removed, retains 2831 molecules. 
2023-07-07 14:25:41  ----  14 molecules are filtered by custom conditions, retains 2817 molecules. 
2023-07-07 14:25:41  ----  Outline taxonomy: 0 molecules are not grouped. 
2023-07-07 14:25:41  ----  Specifics taxonomy: 3 molecules are not grouped. 
2023-07-07 14:25:41  ----  MSCC taxonomy: 2776 molecules are not grouped. 
2023-07-07 14:25:41  ----  CRAM taxonomy: 1546 molecules are grouped. 
2023-07-07 14:25:41  ----  IOS taxonomy: 201 molecules are grouped. 
2023-07-07 14:25:42  ----  1744 CHO compounds. 
2023-07-07 14:25:42  ----  766 CHON compounds. 
2023-07-07 14:25:42  ----  16 CHONS compounds. 
2023-07-07 14:25:42  ----  291 CHOS compounds. 
2023-07-07 14:25:42  ----  Altamaha_SW48_000107-3_p08 contains 2817 molecules. 
2023-07-07 14:25:42  ----  3 "Not Matched" molecules were removed. 
2023-07-07 14:25:47  ----  949 molecular transformation pathways were captured. 
2023-07-07 14:25:47  ----  The analysis was completed: 02.CSV_files/Altamaha_SW48_000107-3_p08CShOut.csv.
 
2023-07-07 14:25:47  ----  Read file: 02.CSV_files/Altamaha_SW48_000107-4_p08CShOut.csv 
2023-07-07 14:25:48  ----  0 molecules containing C13 were deleted, retains 5770 molecules. 
2023-07-07 14:25:48  ----  1824 duplicated molecules were removed, retains 3946 molecules. 
2023-07-07 14:25:48  ----  0 CH compounds were removed, retains 3946 molecules. 
2023-07-07 14:25:48  ----  827 chemically may non-existent molecules are removed, retains 3119 molecules. 
2023-07-07 14:25:48  ----  14 molecules are filtered by custom conditions, retains 3105 molecules. 
2023-07-07 14:25:48  ----  Outline taxonomy: 0 molecules are not grouped. 
2023-07-07 14:25:48  ----  Specifics taxonomy: 1 molecules are not grouped. 
2023-07-07 14:25:48  ----  MSCC taxonomy: 3057 molecules are not grouped. 
2023-07-07 14:25:48  ----  CRAM taxonomy: 1633 molecules are grouped. 
2023-07-07 14:25:48  ----  IOS taxonomy: 202 molecules are grouped. 
2023-07-07 14:25:49  ----  1811 CHO compounds. 
2023-07-07 14:25:49  ----  893 CHON compounds. 
2023-07-07 14:25:49  ----  29 CHONS compounds. 
2023-07-07 14:25:49  ----  372 CHOS compounds. 
2023-07-07 14:25:49  ----  Altamaha_SW48_000107-4_p08 contains 3105 molecules. 
2023-07-07 14:25:49  ----  1 "Not Matched" molecules were removed. 
2023-07-07 14:25:55  ----  949 molecular transformation pathways were captured. 
2023-07-07 14:25:56  ----  The analysis was completed: 02.CSV_files/Altamaha_SW48_000107-4_p08CShOut.csv.
 
