2023-05-21 20:58:59  ----  Read file: .\02.CSV_files\Altamaha_PP48_000107-2_p08CShOut.csv 
2023-05-21 20:58:59  ----  0 molecules containing C13 were deleted, retains 5702 molecules. 
2023-05-21 20:58:59  ----  864 duplicated molecules were removed, retains 4838 molecules. 
2023-05-21 20:58:59  ----  0 CH compounds were removed, retains 4838 molecules. 
2023-05-21 20:58:59  ----  1430 chemically may non-existent molecules are removed, retains 3408 molecules. 
2023-05-21 20:58:59  ----  40 molecules are filtered by custom conditions, retains 3368 molecules. 
2023-05-21 20:59:00  ----  Outline taxonomy: 0 molecules are not grouped. 
2023-05-21 20:59:00  ----  Specifics taxonomy: 1 molecules are not grouped. 
2023-05-21 20:59:00  ----  MSCC taxonomy: 3287 molecules are not grouped. 
2023-05-21 20:59:00  ----  CRAM taxonomy: 1655 molecules are grouped. 
2023-05-21 20:59:00  ----  IOS taxonomy: 211 molecules are grouped. 
2023-05-21 20:59:00  ----  1932 CHO compounds. 
2023-05-21 20:59:00  ----  875 CHON compounds. 
2023-05-21 20:59:00  ----  219 CHONS compounds. 
2023-05-21 20:59:00  ----  342 CHOS compounds. 
2023-05-21 20:59:00  ----  Altamaha_PP48_000107-2_p08 contains 3368 molecules. 
2023-05-21 20:59:00  ----  1 "Not Matched" molecules were removed. 
2023-05-21 20:59:11  ----  1255 molecular transformation pathways were captured. 
2023-05-21 20:59:11  ----  The analysis was completed: .\02.CSV_files\Altamaha_PP48_000107-2_p08CShOut.csv.
 
2023-05-21 20:59:11  ----  Read file: .\02.CSV_files\Altamaha_PP48_000107-3_p08CShOut.csv 
2023-05-21 20:59:11  ----  0 molecules containing C13 were deleted, retains 5723 molecules. 
2023-05-21 20:59:11  ----  1026 duplicated molecules were removed, retains 4697 molecules. 
2023-05-21 20:59:11  ----  0 CH compounds were removed, retains 4697 molecules. 
2023-05-21 20:59:11  ----  1500 chemically may non-existent molecules are removed, retains 3197 molecules. 
2023-05-21 20:59:11  ----  31 molecules are filtered by custom conditions, retains 3166 molecules. 
2023-05-21 20:59:12  ----  Outline taxonomy: 0 molecules are not grouped. 
2023-05-21 20:59:12  ----  Specifics taxonomy: 4 molecules are not grouped. 
2023-05-21 20:59:12  ----  MSCC taxonomy: 3027 molecules are not grouped. 
2023-05-21 20:59:12  ----  CRAM taxonomy: 1150 molecules are grouped. 
2023-05-21 20:59:12  ----  IOS taxonomy: 106 molecules are grouped. 
2023-05-21 20:59:12  ----  1168 CHO compounds. 
2023-05-21 20:59:12  ----  947 CHON compounds. 
2023-05-21 20:59:12  ----  441 CHONS compounds. 
2023-05-21 20:59:12  ----  610 CHOS compounds. 
2023-05-21 20:59:12  ----  Altamaha_PP48_000107-3_p08 contains 3166 molecules. 
2023-05-21 20:59:12  ----  4 "Not Matched" molecules were removed. 
2023-05-21 20:59:22  ----  1255 molecular transformation pathways were captured. 
2023-05-21 20:59:23  ----  The analysis was completed: .\02.CSV_files\Altamaha_PP48_000107-3_p08CShOut.csv.
 
2023-05-21 20:59:23  ----  Read file: .\02.CSV_files\Altamaha_PP48_000107-4_p08CShOut.csv 
2023-05-21 20:59:23  ----  0 molecules containing C13 were deleted, retains 5824 molecules. 
2023-05-21 20:59:23  ----  908 duplicated molecules were removed, retains 4916 molecules. 
2023-05-21 20:59:23  ----  0 CH compounds were removed, retains 4916 molecules. 
2023-05-21 20:59:23  ----  1630 chemically may non-existent molecules are removed, retains 3286 molecules. 
2023-05-21 20:59:23  ----  33 molecules are filtered by custom conditions, retains 3253 molecules. 
2023-05-21 20:59:23  ----  Outline taxonomy: 0 molecules are not grouped. 
2023-05-21 20:59:24  ----  Specifics taxonomy: 2 molecules are not grouped. 
2023-05-21 20:59:24  ----  MSCC taxonomy: 3144 molecules are not grouped. 
2023-05-21 20:59:24  ----  CRAM taxonomy: 1355 molecules are grouped. 
2023-05-21 20:59:24  ----  IOS taxonomy: 170 molecules are grouped. 
2023-05-21 20:59:24  ----  1435 CHO compounds. 
2023-05-21 20:59:24  ----  976 CHON compounds. 
2023-05-21 20:59:24  ----  349 CHONS compounds. 
2023-05-21 20:59:24  ----  493 CHOS compounds. 
2023-05-21 20:59:24  ----  Altamaha_PP48_000107-4_p08 contains 3253 molecules. 
2023-05-21 20:59:24  ----  2 "Not Matched" molecules were removed. 
2023-05-21 20:59:34  ----  1255 molecular transformation pathways were captured. 
2023-05-21 20:59:35  ----  The analysis was completed: .\02.CSV_files\Altamaha_PP48_000107-4_p08CShOut.csv.
 
2023-05-21 20:59:35  ----  Read file: .\02.CSV_files\Altamaha_SW48_000107-2_p08CShOut.csv 
2023-05-21 20:59:35  ----  0 molecules containing C13 were deleted, retains 5363 molecules. 
2023-05-21 20:59:35  ----  883 duplicated molecules were removed, retains 4480 molecules. 
2023-05-21 20:59:35  ----  0 CH compounds were removed, retains 4480 molecules. 
2023-05-21 20:59:35  ----  1613 chemically may non-existent molecules are removed, retains 2867 molecules. 
2023-05-21 20:59:35  ----  29 molecules are filtered by custom conditions, retains 2838 molecules. 
2023-05-21 20:59:35  ----  Outline taxonomy: 0 molecules are not grouped. 
2023-05-21 20:59:35  ----  Specifics taxonomy: 3 molecules are not grouped. 
2023-05-21 20:59:35  ----  MSCC taxonomy: 2765 molecules are not grouped. 
2023-05-21 20:59:35  ----  CRAM taxonomy: 1158 molecules are grouped. 
2023-05-21 20:59:35  ----  IOS taxonomy: 151 molecules are grouped. 
2023-05-21 20:59:36  ----  1324 CHO compounds. 
2023-05-21 20:59:36  ----  824 CHON compounds. 
2023-05-21 20:59:36  ----  308 CHONS compounds. 
2023-05-21 20:59:36  ----  382 CHOS compounds. 
2023-05-21 20:59:36  ----  Altamaha_SW48_000107-2_p08 contains 2838 molecules. 
2023-05-21 20:59:36  ----  3 "Not Matched" molecules were removed. 
2023-05-21 20:59:44  ----  1255 molecular transformation pathways were captured. 
2023-05-21 20:59:44  ----  The analysis was completed: .\02.CSV_files\Altamaha_SW48_000107-2_p08CShOut.csv.
 
2023-05-21 20:59:44  ----  Read file: .\02.CSV_files\Altamaha_SW48_000107-3_p08CShOut.csv 
2023-05-21 20:59:44  ----  0 molecules containing C13 were deleted, retains 5377 molecules. 
2023-05-21 20:59:44  ----  950 duplicated molecules were removed, retains 4427 molecules. 
2023-05-21 20:59:44  ----  0 CH compounds were removed, retains 4427 molecules. 
2023-05-21 20:59:44  ----  1276 chemically may non-existent molecules are removed, retains 3151 molecules. 
2023-05-21 20:59:44  ----  42 molecules are filtered by custom conditions, retains 3109 molecules. 
2023-05-21 20:59:45  ----  Outline taxonomy: 0 molecules are not grouped. 
2023-05-21 20:59:45  ----  Specifics taxonomy: 3 molecules are not grouped. 
2023-05-21 20:59:45  ----  MSCC taxonomy: 3044 molecules are not grouped. 
2023-05-21 20:59:45  ----  CRAM taxonomy: 1550 molecules are grouped. 
2023-05-21 20:59:45  ----  IOS taxonomy: 204 molecules are grouped. 
2023-05-21 20:59:45  ----  1839 CHO compounds. 
2023-05-21 20:59:45  ----  785 CHON compounds. 
2023-05-21 20:59:45  ----  166 CHONS compounds. 
2023-05-21 20:59:45  ----  319 CHOS compounds. 
2023-05-21 20:59:45  ----  Altamaha_SW48_000107-3_p08 contains 3109 molecules. 
2023-05-21 20:59:45  ----  3 "Not Matched" molecules were removed. 
2023-05-21 20:59:54  ----  1255 molecular transformation pathways were captured. 
2023-05-21 20:59:55  ----  The analysis was completed: .\02.CSV_files\Altamaha_SW48_000107-3_p08CShOut.csv.
 
2023-05-21 20:59:55  ----  Read file: .\02.CSV_files\Altamaha_SW48_000107-4_p08CShOut.csv 
2023-05-21 20:59:55  ----  0 molecules containing C13 were deleted, retains 5770 molecules. 
2023-05-21 20:59:55  ----  899 duplicated molecules were removed, retains 4871 molecules. 
2023-05-21 20:59:55  ----  0 CH compounds were removed, retains 4871 molecules. 
2023-05-21 20:59:55  ----  1566 chemically may non-existent molecules are removed, retains 3305 molecules. 
2023-05-21 20:59:55  ----  39 molecules are filtered by custom conditions, retains 3266 molecules. 
2023-05-21 20:59:55  ----  Outline taxonomy: 0 molecules are not grouped. 
2023-05-21 20:59:55  ----  Specifics taxonomy: 1 molecules are not grouped. 
2023-05-21 20:59:55  ----  MSCC taxonomy: 3193 molecules are not grouped. 
2023-05-21 20:59:55  ----  CRAM taxonomy: 1538 molecules are grouped. 
2023-05-21 20:59:55  ----  IOS taxonomy: 203 molecules are grouped. 
2023-05-21 20:59:56  ----  1764 CHO compounds. 
2023-05-21 20:59:56  ----  887 CHON compounds. 
2023-05-21 20:59:56  ----  229 CHONS compounds. 
2023-05-21 20:59:56  ----  386 CHOS compounds. 
2023-05-21 20:59:56  ----  Altamaha_SW48_000107-4_p08 contains 3266 molecules. 
2023-05-21 20:59:56  ----  1 "Not Matched" molecules were removed. 
2023-05-21 21:00:06  ----  1255 molecular transformation pathways were captured. 
2023-05-21 21:00:06  ----  The analysis was completed: .\02.CSV_files\Altamaha_SW48_000107-4_p08CShOut.csv.
 
